# JRE version: Java(TM) SE Runtime Environment (8.0_221-b11) (build 1.8.0_221-b11)
# Java VM: Java HotSpot(TM) 64-Bit Server VM (25.221-b11 mixed mode windows-amd64 compressed oops)
Heap:
 PSYoungGen      total 37888K, used 1588K [0x00000000d5800000, 0x00000000d9000000, 0x0000000100000000)
  eden space 32768K, 4% used [0x00000000d5800000,0x00000000d598d3b0,0x00000000d7800000)
  from space 5120K, 0% used [0x00000000d7880000,0x00000000d7880000,0x00000000d7d80000)
  to   space 12288K, 0% used [0x00000000d8400000,0x00000000d8400000,0x00000000d9000000)
 ParOldGen       total 57344K, used 17340K [0x0000000080800000, 0x0000000084000000, 0x00000000d5800000)
  object space 57344K, 30% used [0x0000000080800000,0x00000000818ef130,0x0000000084000000)
 Metaspace       used 34297K, capacity 35502K, committed 35752K, reserved 1079296K
  class space    used 4839K, capacity 5122K, committed 5168K, reserved 1048576K
GC Heap History (10 events):
Event: 31.468 GC heap before
{Heap before GC invocations=3 (full 1):
 PSYoungGen      total 38400K, used 5098K [0x00000000d5800000, 0x00000000d8280000, 0x0000000100000000)
  eden space 33280K, 0% used [0x00000000d5800000,0x00000000d5800000,0x00000000d7880000)
  from space 5120K, 99% used [0x00000000d7d80000,0x00000000d827a870,0x00000000d8280000)
  to   space 5120K, 0% used [0x00000000d7880000,0x00000000d7880000,0x00000000d7d80000)
 ParOldGen       total 87552K, used 2394K [0x0000000080800000, 0x0000000085d80000, 0x00000000d5800000)
  object space 87552K, 2% used [0x0000000080800000,0x0000000080a568f0,0x0000000085d80000)
 Metaspace       used 20608K, capacity 21136K, committed 21296K, reserved 1067008K
  class space    used 2717K, capacity 2851K, committed 2864K, reserved 1048576K
Event: 31.491 GC heap after
Heap after GC invocations=3 (full 1):
 PSYoungGen      total 38400K, used 0K [0x00000000d5800000, 0x00000000d8280000, 0x0000000100000000)
  eden space 33280K, 0% used [0x00000000d5800000,0x00000000d5800000,0x00000000d7880000)
  from space 5120K, 0% used [0x00000000d7d80000,0x00000000d7d80000,0x00000000d8280000)
  to   space 5120K, 0% used [0x00000000d7880000,0x00000000d7880000,0x00000000d7d80000)
 ParOldGen       total 41984K, used 6171K [0x0000000080800000, 0x0000000083100000, 0x00000000d5800000)
  object space 41984K, 14% used [0x0000000080800000,0x0000000080e06db8,0x0000000083100000)
 Metaspace       used 20608K, capacity 21136K, committed 21296K, reserved 1067008K
  class space    used 2717K, capacity 2851K, committed 2864K, reserved 1048576K
}
Event: 51.344 GC heap before
{Heap before GC invocations=4 (full 1):
 PSYoungGen      total 38400K, used 33280K [0x00000000d5800000, 0x00000000d8280000, 0x0000000100000000)
  eden space 33280K, 100% used [0x00000000d5800000,0x00000000d7880000,0x00000000d7880000)
  from space 5120K, 0% used [0x00000000d7d80000,0x00000000d7d80000,0x00000000d8280000)
  to   space 5120K, 0% used [0x00000000d7880000,0x00000000d7880000,0x00000000d7d80000)
 ParOldGen       total 41984K, used 6171K [0x0000000080800000, 0x0000000083100000, 0x00000000d5800000)
  object space 41984K, 14% used [0x0000000080800000,0x0000000080e06db8,0x0000000083100000)
 Metaspace       used 26770K, capacity 27812K, committed 27952K, reserved 1073152K
  class space    used 3787K, capacity 4023K, committed 4144K, reserved 1048576K
Event: 51.350 GC heap after
Heap after GC invocations=4 (full 1):
 PSYoungGen      total 38400K, used 5088K [0x00000000d5800000, 0x00000000d8280000, 0x0000000100000000)
  eden space 33280K, 0% used [0x00000000d5800000,0x00000000d5800000,0x00000000d7880000)
  from space 5120K, 99% used [0x00000000d7880000,0x00000000d7d78020,0x00000000d7d80000)
  to   space 5120K, 0% used [0x00000000d7d80000,0x00000000d7d80000,0x00000000d8280000)
 ParOldGen       total 41984K, used 9400K [0x0000000080800000, 0x0000000083100000, 0x00000000d5800000)
  object space 41984K, 22% used [0x0000000080800000,0x000000008112e0e8,0x0000000083100000)
 Metaspace       used 26770K, capacity 27812K, committed 27952K, reserved 1073152K
  class space    used 3787K, capacity 4023K, committed 4144K, reserved 1048576K
}
Event: 769.510 GC heap before
{Heap before GC invocations=5 (full 1):
 PSYoungGen      total 38400K, used 38368K [0x00000000d5800000, 0x00000000d8280000, 0x0000000100000000)
  eden space 33280K, 100% used [0x00000000d5800000,0x00000000d7880000,0x00000000d7880000)
  from space 5120K, 99% used [0x00000000d7880000,0x00000000d7d78020,0x00000000d7d80000)
  to   space 5120K, 0% used [0x00000000d7d80000,0x00000000d7d80000,0x00000000d8280000)
 ParOldGen       total 41984K, used 9400K [0x0000000080800000, 0x0000000083100000, 0x00000000d5800000)
  object space 41984K, 22% used [0x0000000080800000,0x000000008112e0e8,0x0000000083100000)
 Metaspace       used 34239K, capacity 35438K, committed 35496K, reserved 1079296K
  class space    used 4829K, capacity 5122K, committed 5168K, reserved 1048576K
Event: 769.519 GC heap after
Heap after GC invocations=5 (full 1):
 PSYoungGen      total 38400K, used 5104K [0x00000000d5800000, 0x00000000d8280000, 0x0000000100000000)
  eden space 33280K, 0% used [0x00000000d5800000,0x00000000d5800000,0x00000000d7880000)
  from space 5120K, 99% used [0x00000000d7d80000,0x00000000d827c260,0x00000000d8280000)
  to   space 5120K, 0% used [0x00000000d7880000,0x00000000d7880000,0x00000000d7d80000)
 ParOldGen       total 41984K, used 15802K [0x0000000080800000, 0x0000000083100000, 0x00000000d5800000)
  object space 41984K, 37% used [0x0000000080800000,0x000000008176e928,0x0000000083100000)
 Metaspace       used 34239K, capacity 35438K, committed 35496K, reserved 1079296K
  class space    used 4829K, capacity 5122K, committed 5168K, reserved 1048576K
}
Event: 1009.341 GC heap before
{Heap before GC invocations=6 (full 1):
 PSYoungGen      total 38400K, used 7998K [0x00000000d5800000, 0x00000000d8280000, 0x0000000100000000)
  eden space 33280K, 8% used [0x00000000d5800000,0x00000000d5ad3710,0x00000000d7880000)
  from space 5120K, 99% used [0x00000000d7d80000,0x00000000d827c260,0x00000000d8280000)
  to   space 5120K, 0% used [0x00000000d7880000,0x00000000d7880000,0x00000000d7d80000)
 ParOldGen       total 41984K, used 15802K [0x0000000080800000, 0x0000000083100000, 0x00000000d5800000)
  object space 41984K, 37% used [0x0000000080800000,0x000000008176e928,0x0000000083100000)
 Metaspace       used 34292K, capacity 35438K, committed 35496K, reserved 1079296K
  class space    used 4835K, capacity 5122K, committed 5168K, reserved 1048576K
Event: 1009.344 GC heap after
Heap after GC invocations=6 (full 1):
 PSYoungGen      total 37888K, used 5104K [0x00000000d5800000, 0x00000000d9000000, 0x0000000100000000)
  eden space 32768K, 0% used [0x00000000d5800000,0x00000000d5800000,0x00000000d7800000)
  from space 5120K, 99% used [0x00000000d7880000,0x00000000d7d7c260,0x00000000d7d80000)
  to   space 12288K, 0% used [0x00000000d8400000,0x00000000d8400000,0x00000000d9000000)
 ParOldGen       total 41984K, used 15834K [0x0000000080800000, 0x0000000083100000, 0x00000000d5800000)
  object space 41984K, 37% used [0x0000000080800000,0x0000000081776928,0x0000000083100000)
 Metaspace       used 34292K, capacity 35438K, committed 35496K, reserved 1079296K
  class space    used 4835K, capacity 5122K, committed 5168K, reserved 1048576K
}
Event: 1009.344 GC heap before
{Heap before GC invocations=7 (full 2):
 PSYoungGen      total 37888K, used 5104K [0x00000000d5800000, 0x00000000d9000000, 0x0000000100000000)
  eden space 32768K, 0% used [0x00000000d5800000,0x00000000d5800000,0x00000000d7800000)
  from space 5120K, 99% used [0x00000000d7880000,0x00000000d7d7c260,0x00000000d7d80000)
  to   space 12288K, 0% used [0x00000000d8400000,0x00000000d8400000,0x00000000d9000000)
 ParOldGen       total 41984K, used 15834K [0x0000000080800000, 0x0000000083100000, 0x00000000d5800000)
  object space 41984K, 37% used [0x0000000080800000,0x0000000081776928,0x0000000083100000)
 Metaspace       used 34292K, capacity 35438K, committed 35496K, reserved 1079296K
  class space    used 4835K, capacity 5122K, committed 5168K, reserved 1048576K
Event: 1009.377 GC heap after
Heap after GC invocations=7 (full 2):
 PSYoungGen      total 37888K, used 0K [0x00000000d5800000, 0x00000000d9000000, 0x0000000100000000)
  eden space 32768K, 0% used [0x00000000d5800000,0x00000000d5800000,0x00000000d7800000)
  from space 5120K, 0% used [0x00000000d7880000,0x00000000d7880000,0x00000000d7d80000)
  to   space 12288K, 0% used [0x00000000d8400000,0x00000000d8400000,0x00000000d9000000)
 ParOldGen       total 57344K, used 17340K [0x0000000080800000, 0x0000000084000000, 0x00000000d5800000)
  object space 57344K, 30% used [0x0000000080800000,0x00000000818ef130,0x0000000084000000)
 Metaspace       used 34292K, capacity 35438K, committed 35496K, reserved 1079296K
  class space    used 4835K, capacity 5122K, committed 5168K, reserved 1048576K
}

